<?xml version="1.0" encoding="UTF-8"?>
<!-- Generated by org.testng.reporters.JUnitReportReporter -->
<testsuite skipped="0" hostname="LAPTOP-NR892T3L" name="org.testing.TestScripts.TC8" tests="1" failures="0" timestamp="2021-12-12T12:50:10 IST" time="44.403" errors="0">
  <testcase name="History" time="44.403" classname="org.testing.TestScripts.TC8"/>
  <system-out/>
</testsuite> <!-- org.testing.TestScripts.TC8 -->
