<?xml version="1.0" encoding="UTF-8"?>
<!-- Generated by org.testng.reporters.JUnitReportReporter -->
<testsuite skipped="0" hostname="LAPTOP-NR892T3L" name="org.testing.TestScripts.TC1" tests="1" failures="0" timestamp="2021-12-12T12:47:26 IST" time="45.926" errors="0">
  <testcase name="TrendingClick" time="45.926" classname="org.testing.TestScripts.TC1"/>
  <system-out/>
</testsuite> <!-- org.testing.TestScripts.TC1 -->
