<?xml version="1.0" encoding="UTF-8"?>
<!-- Generated by org.testng.reporters.JUnitReportReporter -->
<testsuite skipped="0" hostname="LAPTOP-NR892T3L" name="org.testing.TestScripts.TC6" tests="1" failures="0" timestamp="2021-12-12T13:23:33 IST" time="55.310" errors="0">
  <testcase name="CommentVideo" time="55.310" classname="org.testing.TestScripts.TC6"/>
  <system-out/>
</testsuite> <!-- org.testing.TestScripts.TC6 -->
