<?xml version="1.0" encoding="UTF-8"?>
<!-- Generated by org.testng.reporters.JUnitReportReporter -->
<testsuite skipped="0" hostname="LAPTOP-NR892T3L" name="org.testing.TestScripts.TC5" tests="1" failures="0" timestamp="2021-12-12T13:22:05 IST" time="41.696" errors="0">
  <testcase name="ChannelSubscribe" time="41.696" classname="org.testing.TestScripts.TC5"/>
  <system-out/>
</testsuite> <!-- org.testing.TestScripts.TC5 -->
